<?xml version="1.0" encoding="UTF-8"?>
<!-- Generated by org.testng.reporters.JUnitXMLReporter -->
<testsuite hostname="DESKTOP-89OTHQ5" ignored="0" name="Test" tests="4" failures="1" timestamp="25 Jul 2021 05:18:45 GMT" time="3.691" errors="0">
  <testcase name="logintest" time="1.878" classname="com.pageTest.LoginTest"/>
  <testcase name="verifyCourses" time="0.236" classname="com.pageTest.DashboardTest"/>
  <testcase name="verifyUserPage" time="0.92" classname="com.pageTest.DashboardTest">
    <failure type="java.lang.AssertionError" message="expected [JavaByKiran | Users] but found [JavaByKiran | User]">
      <![CDATA[java.lang.AssertionError: expected [JavaByKiran | Users] but found [JavaByKiran | User]
	at com.pageTest.DashboardTest.verifyUserPage(DashboardTest.java:23)
	at java.util.concurrent.FutureTask.run(FutureTask.java:266)
	at java.util.concurrent.ThreadPoolExecutor.runWorker(ThreadPoolExecutor.java:1149)
	at java.util.concurrent.ThreadPoolExecutor$Worker.run(ThreadPoolExecutor.java:624)
	at java.lang.Thread.run(Thread.java:748)
... Removed 22 stack frames]]>
    </failure>
  </testcase> <!-- verifyUserPage -->
  <testcase name="verifyUserHeaders" time="0.297" classname="com.pageTest.UserTest"/>
</testsuite> <!-- Test -->
