<?xml version="1.0" encoding="UTF-8"?>
<!-- Generated by org.testng.reporters.JUnitXMLReporter -->
<testsuite hostname="DESKTOP-89OTHQ5" ignored="3" name="Test1" tests="1" failures="0" timestamp="25 Jul 2021 05:35:09 GMT" time="2.473" errors="0">
  <testcase name="logintest" time="2.439" classname="com.pageTest.LoginTest"/>
  <testcase name="verifyCourses" time="0.0" classname="com.pageTest.DashboardTest">
    <ignored/>
  </testcase> <!-- verifyCourses -->
  <testcase name="verifyUserHeaders" time="0.0" classname="com.pageTest.UserTest">
    <ignored/>
  </testcase> <!-- verifyUserHeaders -->
  <testcase name="verifyUserPage" time="0.0" classname="com.pageTest.DashboardTest">
    <ignored/>
  </testcase> <!-- verifyUserPage -->
</testsuite> <!-- Test1 -->
