<?xml version="1.0" encoding="UTF-8"?>
<!-- Generated by org.testng.reporters.JUnitXMLReporter -->
<testsuite hostname="DESKTOP-89OTHQ5" ignored="0" name="Test2" tests="4" failures="0" timestamp="25 Jul 2021 05:27:00 GMT" time="4.791" errors="0">
  <testcase name="logintest" time="3.052" classname="com.pageTest.LoginTest"/>
  <testcase name="verifyCourses" time="0.293" classname="com.pageTest.DashboardTest"/>
  <testcase name="verifyUserPage" time="0.897" classname="com.pageTest.DashboardTest"/>
  <testcase name="verifyUserHeaders" time="0.435" classname="com.pageTest.UserTest"/>
</testsuite> <!-- Test2 -->
