<?xml version="1.0" encoding="UTF-8"?>
<testng-results skipped="0" failed="0" ignored="0" total="4" passed="4">
  <reporter-output>
  </reporter-output>
  <suite name="Suite" duration-ms="4012" started-at="2021-08-08T05:41:23Z" finished-at="2021-08-08T05:41:27Z">
    <groups>
      <group name="smoke">
        <method signature="LoginTest.logintest()[pri:0, instance:com.pageTest.LoginTest@7d9d1a19]" name="logintest" class="com.pageTest.LoginTest"/>
      </group> <!-- smoke -->
    </groups>
    <test name="Test1" duration-ms="4012" started-at="2021-08-08T05:41:23Z" finished-at="2021-08-08T05:41:27Z">
      <class name="com.pageTest.UserTest">
        <test-method status="PASS" signature="verifyUserHeaders()[pri:0, instance:com.pageTest.UserTest@1794d431]" name="verifyUserHeaders" duration-ms="304" started-at="2021-08-08T05:41:27Z" finished-at="2021-08-08T05:41:27Z">
          <reporter-output>
          </reporter-output>
        </test-method> <!-- verifyUserHeaders -->
      </class> <!-- com.pageTest.UserTest -->
      <class name="com.pageTest.DashboardTest">
        <test-method status="PASS" signature="verifyCourses()[pri:0, instance:com.pageTest.DashboardTest@39c0f4a]" name="verifyCourses" duration-ms="243" started-at="2021-08-08T05:41:26Z" finished-at="2021-08-08T05:41:26Z">
          <reporter-output>
          </reporter-output>
        </test-method> <!-- verifyCourses -->
        <test-method status="PASS" signature="verifyUserPage()[pri:0, instance:com.pageTest.DashboardTest@39c0f4a]" name="verifyUserPage" duration-ms="994" started-at="2021-08-08T05:41:26Z" finished-at="2021-08-08T05:41:27Z">
          <reporter-output>
          </reporter-output>
        </test-method> <!-- verifyUserPage -->
      </class> <!-- com.pageTest.DashboardTest -->
      <class name="com.pageTest.LoginTest">
        <test-method status="PASS" signature="setup()[pri:0, instance:com.pageTest.LoginTest@7d9d1a19]" name="setup" is-config="true" duration-ms="16549" started-at="2021-08-08T05:41:07Z" finished-at="2021-08-08T05:41:23Z">
          <reporter-output>
          </reporter-output>
        </test-method> <!-- setup -->
        <test-method status="PASS" signature="logintest()[pri:0, instance:com.pageTest.LoginTest@7d9d1a19]" name="logintest" duration-ms="2354" started-at="2021-08-08T05:41:24Z" finished-at="2021-08-08T05:41:26Z">
          <reporter-output>
          </reporter-output>
        </test-method> <!-- logintest -->
      </class> <!-- com.pageTest.LoginTest -->
    </test> <!-- Test1 -->
  </suite> <!-- Suite -->
</testng-results>
