<?xml version="1.0" encoding="UTF-8"?>
<testsuite xmlns:xsi="http://www.w3.org/2001/XMLSchema-instance" xsi:noNamespaceSchemaLocation="https://maven.apache.org/surefire/maven-surefire-plugin/xsd/surefire-test-report-3.0.xsd" version="3.0" name="TestSuite" time="25.734" tests="4" errors="0" skipped="0" failures="0">
  <properties>
[...]
</properties>
  <testcase name="logintest" classname="com.pageTest.LoginTest" time="2.348">
    <system-out><![CDATA[08-08-2021 11:11:08 TestBase.java INFO  [main] base.TestBase 60 - initializing browser
08-08-2021 11:11:08 TestBase.java INFO  [main] base.TestBase 32 - reading a value for a property: browser
08-08-2021 11:11:08 TestBase.java INFO  [main] base.TestBase 35 - initializing property file
08-08-2021 11:11:08 TestBase.java INFO  [main] base.TestBase 42 - proerty value found in the file with key as: browser and value is: chrome
08-08-2021 11:11:08 TestBase.java INFO  [main] base.TestBase 62 - user wants to automate with chrome browser
08-08-2021 11:11:19 TestBase.java INFO  [main] base.TestBase 79 - launching an application
08-08-2021 11:11:19 TestBase.java INFO  [main] base.TestBase 32 - reading a value for a property: url
08-08-2021 11:11:19 TestBase.java INFO  [main] base.TestBase 35 - initializing property file
08-08-2021 11:11:19 TestBase.java INFO  [main] base.TestBase 42 - proerty value found in the file with key as: url and value is: file:///C:/Users/Administrator/Desktop/Offline Website/Offline Website/index.html
08-08-2021 11:11:23 TestListener.java INFO  [TestNG-tests-1] listeners.TestListener 44 - suite is ready to start the execution
08-08-2021 11:11:24 TestListener.java INFO  [TestNG-tests-1] listeners.TestListener 14 - test cazse started with execution logintest
08-08-2021 11:11:26 TestListener.java INFO  [TestNG-tests-1] listeners.TestListener 18 - test cazse passed with execution logintest
]]></system-out>
    <system-err><![CDATA[Starting ChromeDriver 92.0.4515.43 (8c61b7e2989f2990d42f859cac71319137787cce-refs/branch-heads/4515@{#306}) on port 25777
Only local connections are allowed.
Please see https://chromedriver.chromium.org/security-considerations for suggestions on keeping ChromeDriver safe.
ChromeDriver was started successfully.
Aug 08, 2021 11:11:18 AM org.openqa.selenium.remote.ProtocolHandshake createSession
INFO: Detected dialect: W3C
]]></system-err>
  </testcase>
  <testcase name="verifyCourses" classname="com.pageTest.DashboardTest" time="0.24">
    <system-out><![CDATA[08-08-2021 11:11:26 TestListener.java INFO  [TestNG-tests-1] listeners.TestListener 14 - test cazse started with execution verifyCourses
08-08-2021 11:11:26 TestListener.java INFO  [TestNG-tests-1] listeners.TestListener 18 - test cazse passed with execution verifyCourses
]]></system-out>
  </testcase>
  <testcase name="verifyUserPage" classname="com.pageTest.DashboardTest" time="0.994">
    <system-out><![CDATA[08-08-2021 11:11:26 TestListener.java INFO  [TestNG-tests-1] listeners.TestListener 14 - test cazse started with execution verifyUserPage
08-08-2021 11:11:27 TestListener.java INFO  [TestNG-tests-1] listeners.TestListener 18 - test cazse passed with execution verifyUserPage
]]></system-out>
  </testcase>
  <testcase name="verifyUserHeaders" classname="com.pageTest.UserTest" time="0.3">
    <system-out><![CDATA[08-08-2021 11:11:27 TestListener.java INFO  [TestNG-tests-1] listeners.TestListener 14 - test cazse started with execution verifyUserHeaders
08-08-2021 11:11:27 TestListener.java INFO  [TestNG-tests-1] listeners.TestListener 18 - test cazse passed with execution verifyUserHeaders
]]></system-out>
  </testcase>
</testsuite>