<?xml version="1.0" encoding="UTF-8"?>
<testng-results skipped="0" failed="0" ignored="3" total="4" passed="1">
  <reporter-output>
  </reporter-output>
  <suite name="Suite" duration-ms="2473" started-at="2021-07-25T05:35:07Z" finished-at="2021-07-25T05:35:09Z">
    <groups>
      <group name="smoke">
        <method signature="LoginTest.logintest()[pri:0, instance:com.pageTest.LoginTest@20398b7c]" name="logintest" class="com.pageTest.LoginTest"/>
      </group> <!-- smoke -->
    </groups>
    <test name="Test1" duration-ms="2473" started-at="2021-07-25T05:35:07Z" finished-at="2021-07-25T05:35:09Z">
      <class name="com.pageTest.LoginTest">
        <test-method status="PASS" signature="setup()[pri:0, instance:com.pageTest.LoginTest@20398b7c]" name="setup" is-config="true" duration-ms="16712" started-at="2021-07-25T11:04:50Z" finished-at="2021-07-25T11:05:07Z">
          <reporter-output>
          </reporter-output>
        </test-method> <!-- setup -->
        <test-method status="PASS" signature="logintest()[pri:0, instance:com.pageTest.LoginTest@20398b7c]" name="logintest" duration-ms="2439" started-at="2021-07-25T11:05:07Z" finished-at="2021-07-25T11:05:09Z">
          <reporter-output>
          </reporter-output>
        </test-method> <!-- logintest -->
      </class> <!-- com.pageTest.LoginTest -->
    </test> <!-- Test1 -->
  </suite> <!-- Suite -->
</testng-results>
