<?xml version="1.0" encoding="UTF-8"?>
<testng-results skipped="0" failed="0" ignored="0" total="2" passed="2">
  <reporter-output>
  </reporter-output>
  <suite name="Default suite" duration-ms="3538" started-at="2021-07-17T05:15:20Z" finished-at="2021-07-17T05:15:23Z">
    <groups>
    </groups>
    <test name="Default test" duration-ms="3538" started-at="2021-07-17T05:15:20Z" finished-at="2021-07-17T05:15:23Z">
      <class name="com.pageTest.LoginTest">
        <test-method status="PASS" signature="setup()[pri:0, instance:com.pageTest.LoginTest@1b604f19]" name="setup" is-config="true" duration-ms="19666" started-at="2021-07-17T10:45:00Z" finished-at="2021-07-17T10:45:20Z">
          <reporter-output>
          </reporter-output>
        </test-method> <!-- setup -->
        <test-method status="PASS" signature="logintest()[pri:0, instance:com.pageTest.LoginTest@1b604f19]" name="logintest" duration-ms="2999" started-at="2021-07-17T10:45:20Z" finished-at="2021-07-17T10:45:23Z">
          <reporter-output>
          </reporter-output>
        </test-method> <!-- logintest -->
        <test-method status="PASS" signature="verifyCourses()[pri:0, instance:com.pageTest.LoginTest@1b604f19]" name="verifyCourses" duration-ms="458" started-at="2021-07-17T10:45:23Z" finished-at="2021-07-17T10:45:23Z">
          <reporter-output>
          </reporter-output>
        </test-method> <!-- verifyCourses -->
      </class> <!-- com.pageTest.LoginTest -->
    </test> <!-- Default test -->
  </suite> <!-- Default suite -->
</testng-results>
